Release 13.2 - xst O.61xd (nt)
Copyright (c) 1995-2011 Xilinx, Inc.  All rights reserved.
--> Parameter TMPDIR set to xst/projnav.tmp


Total REAL time to Xst completion: 0.00 secs
Total CPU time to Xst completion: 0.14 secs
 
--> Parameter xsthdpdir set to xst


Total REAL time to Xst completion: 0.00 secs
Total CPU time to Xst completion: 0.14 secs
 
--> Reading design: speaker.prj

TABLE OF CONTENTS
  1) Synthesis Options Summary
  2) HDL Compilation
  3) Design Hierarchy Analysis
  4) HDL Analysis
  5) HDL Synthesis
     5.1) HDL Synthesis Report
  6) Advanced HDL Synthesis
     6.1) Advanced HDL Synthesis Report
  7) Low Level Synthesis
  8) Partition Report
  9) Final Report
	9.1) Device utilization summary
	9.2) Partition Resource Summary
	9.3) TIMING REPORT


=========================================================================
*                      Synthesis Options Summary                        *
=========================================================================
---- Source Parameters
Input File Name                    : "speaker.prj"
Input Format                       : mixed
Ignore Synthesis Constraint File   : NO

---- Target Parameters
Output File Name                   : "speaker"
Output Format                      : NGC
Target Device                      : xc3s400-5-ft256

---- Source Options
Top Module Name                    : speaker
Automatic FSM Extraction           : YES
FSM Encoding Algorithm             : Auto
Safe Implementation                : No
FSM Style                          : LUT
RAM Extraction                     : Yes
RAM Style                          : Auto
ROM Extraction                     : Yes
Mux Style                          : Auto
Decoder Extraction                 : YES
Priority Encoder Extraction        : Yes
Shift Register Extraction          : YES
Logical Shifter Extraction         : YES
XOR Collapsing                     : YES
ROM Style                          : Auto
Mux Extraction                     : Yes
Resource Sharing                   : YES
Asynchronous To Synchronous        : NO
Multiplier Style                   : Auto
Automatic Register Balancing       : No

---- Target Options
Add IO Buffers                     : YES
Global Maximum Fanout              : 500
Add Generic Clock Buffer(BUFG)     : 8
Register Duplication               : YES
Slice Packing                      : YES
Optimize Instantiated Primitives   : NO
Use Clock Enable                   : Yes
Use Synchronous Set                : Yes
Use Synchronous Reset              : Yes
Pack IO Registers into IOBs        : Auto
Equivalent register Removal        : YES

---- General Options
Optimization Goal                  : Speed
Optimization Effort                : 1
Keep Hierarchy                     : No
Netlist Hierarchy                  : As_Optimized
RTL Output                         : Yes
Global Optimization                : AllClockNets
Read Cores                         : YES
Write Timing Constraints           : NO
Cross Clock Analysis               : NO
Hierarchy Separator                : /
Bus Delimiter                      : <>
Case Specifier                     : Maintain
Slice Utilization Ratio            : 100
BRAM Utilization Ratio             : 100
Verilog 2001                       : YES
Auto BRAM Packing                  : NO
Slice Utilization Ratio Delta      : 5

=========================================================================


=========================================================================
*                          HDL Compilation                              *
=========================================================================
Compiling vhdl file "H:/12s2/COMP3601/Project/speaker/speaker.vhd" in Library work.
Entity <speaker> compiled.
Entity <speaker> (Architecture <behavioral>) compiled.

=========================================================================
*                     Design Hierarchy Analysis                         *
=========================================================================
Analyzing hierarchy for entity <speaker> in library <work> (architecture <behavioral>).


=========================================================================
*                            HDL Analysis                               *
=========================================================================
Analyzing Entity <speaker> in library <work> (Architecture <behavioral>).
Entity <speaker> analyzed. Unit <speaker> generated.


=========================================================================
*                           HDL Synthesis                               *
=========================================================================

Performing bidirectional port resolution...

Synthesizing Unit <speaker>.
    Related source file is "H:/12s2/COMP3601/Project/speaker/speaker.vhd".
    Found 13-bit up counter for signal <speaker_counter>.
    Found 1-bit register for signal <speaker_signal>.
    Found 22-bit up counter for signal <time_counter>.
    Found 1-bit register for signal <time_signal>.
    Summary:
	inferred   2 Counter(s).
	inferred   2 D-type flip-flop(s).
Unit <speaker> synthesized.


=========================================================================
HDL Synthesis Report

Macro Statistics
# Counters                                             : 2
 13-bit up counter                                     : 1
 22-bit up counter                                     : 1
# Registers                                            : 2
 1-bit register                                        : 2

=========================================================================

=========================================================================
*                       Advanced HDL Synthesis                          *
=========================================================================


=========================================================================
Advanced HDL Synthesis Report

Macro Statistics
# Counters                                             : 2
 13-bit up counter                                     : 1
 22-bit up counter                                     : 1
# Registers                                            : 2
 Flip-Flops                                            : 2

=========================================================================

=========================================================================
*                         Low Level Synthesis                           *
=========================================================================

Optimizing unit <speaker> ...

Mapping all equations...
Building and optimizing final netlist ...
Found area constraint ratio of 100 (+ 5) on block speaker, actual ratio is 0.

Final Macro Processing ...

=========================================================================
Final Register Report

Macro Statistics
# Registers                                            : 37
 Flip-Flops                                            : 37

=========================================================================

=========================================================================
*                           Partition Report                            *
=========================================================================

Partition Implementation Status
-------------------------------

  No Partitions were found in this design.

-------------------------------

=========================================================================
*                            Final Report                               *
=========================================================================
Final Results
RTL Top Level Output File Name     : speaker.ngr
Top Level Output File Name         : speaker
Output Format                      : NGC
Optimization Goal                  : Speed
Keep Hierarchy                     : No

Design Statistics
# IOs                              : 2

Cell Usage :
# BELS                             : 124
#      GND                         : 1
#      INV                         : 4
#      LUT1                        : 33
#      LUT2                        : 2
#      LUT4                        : 8
#      LUT4_L                      : 1
#      MUXCY                       : 39
#      VCC                         : 1
#      XORCY                       : 35
# FlipFlops/Latches                : 37
#      FD                          : 35
#      FDE                         : 2
# Clock Buffers                    : 1
#      BUFGP                       : 1
# IO Buffers                       : 1
#      OBUF                        : 1
=========================================================================

Device utilization summary:
---------------------------

Selected Device : 3s400ft256-5 

 Number of Slices:                       24  out of   3584     0%  
 Number of Slice Flip Flops:             37  out of   7168     0%  
 Number of 4 input LUTs:                 48  out of   7168     0%  
 Number of IOs:                           2
 Number of bonded IOBs:                   2  out of    173     1%  
 Number of GCLKs:                         1  out of      8    12%  

---------------------------
Partition Resource Summary:
---------------------------

  No Partitions were found in this design.

---------------------------


=========================================================================
TIMING REPORT

NOTE: THESE TIMING NUMBERS ARE ONLY A SYNTHESIS ESTIMATE.
      FOR ACCURATE TIMING INFORMATION PLEASE REFER TO THE TRACE REPORT
      GENERATED AFTER PLACE-and-ROUTE.

Clock Information:
------------------
-----------------------------------+------------------------+-------+
Clock Signal                       | Clock buffer(FF name)  | Load  |
-----------------------------------+------------------------+-------+
clock                              | BUFGP                  | 37    |
-----------------------------------+------------------------+-------+

Asynchronous Control Signals Information:
----------------------------------------
No asynchronous control signals found in this design

Timing Summary:
---------------
Speed Grade: -5

   Minimum period: 5.171ns (Maximum Frequency: 193.381MHz)
   Minimum input arrival time before clock: No path found
   Maximum output required time after clock: 7.735ns
   Maximum combinational path delay: No path found

Timing Detail:
--------------
All values displayed in nanoseconds (ns)

=========================================================================
Timing constraint: Default period analysis for Clock 'clock'
  Clock period: 5.171ns (frequency: 193.381MHz)
  Total number of paths / destination ports: 381 / 39
-------------------------------------------------------------------------
Delay:               5.171ns (Levels of Logic = 3)
  Source:            speaker_counter_4 (FF)
  Destination:       speaker_signal (FF)
  Source Clock:      clock rising
  Destination Clock: clock rising

  Data Path: speaker_counter_4 to speaker_signal
                                Gate     Net
    Cell:in->out      fanout   Delay   Delay  Logical Name (Net Name)
    ----------------------------------------  ------------
     FD:C->Q               2   0.626   1.040  speaker_counter_4 (speaker_counter_4)
     LUT4:I0->O            1   0.479   0.740  speaker_signal_cmp_eq000025 (speaker_signal_cmp_eq000025)
     LUT4_L:I2->LO         1   0.479   0.123  speaker_signal_cmp_eq000059_SW0 (N01)
     LUT4:I3->O            1   0.479   0.681  speaker_signal_cmp_eq000059 (speaker_signal_not0002_inv)
     FDE:CE                    0.524          speaker_signal
    ----------------------------------------
    Total                      5.171ns (2.587ns logic, 2.584ns route)
                                       (50.0% logic, 50.0% route)

=========================================================================
Timing constraint: Default OFFSET OUT AFTER for Clock 'clock'
  Total number of paths / destination ports: 2 / 1
-------------------------------------------------------------------------
Offset:              7.735ns (Levels of Logic = 2)
  Source:            time_signal (FF)
  Destination:       output (PAD)
  Source Clock:      clock rising

  Data Path: time_signal to output
                                Gate     Net
    Cell:in->out      fanout   Delay   Delay  Logical Name (Net Name)
    ----------------------------------------  ------------
     FDE:C->Q              2   0.626   1.040  time_signal (time_signal)
     LUT2:I0->O            1   0.479   0.681  output1 (output_OBUF)
     OBUF:I->O                 4.909          output_OBUF (output)
    ----------------------------------------
    Total                      7.735ns (6.014ns logic, 1.721ns route)
                                       (77.7% logic, 22.3% route)

=========================================================================


Total REAL time to Xst completion: 5.00 secs
Total CPU time to Xst completion: 4.84 secs
 
--> 

Total memory usage is 190752 kilobytes

Number of errors   :    0 (   0 filtered)
Number of warnings :    0 (   0 filtered)
Number of infos    :    0 (   0 filtered)

