#-----------------------------------------------------------
# PlanAhead v13.2
# Build 131561 by hdbuild on Thu Jun 16 17:01:57 PDT 2011
# Start of session at: Thu Aug 16 19:34:28 2012
# Process ID: 6400
# Log file: H:/12s2/COMP3601/Project/LedDisplay/planAhead_run_1/planAhead.log
# Journal file: H:/12s2/COMP3601/Project/LedDisplay/planAhead_run_1/planAhead.jou
#-----------------------------------------------------------
INFO: [Common-78] Attempting to get a license: PlanAhead
INFO: [Common-82] Got a license: PlanAhead
INFO: [ArchReader-0] Loading parts and site information from C:\Xilinx\13.2\ISE_DS\PlanAhead\parts\arch.xml
Parsing RTL primitives file [C:\Xilinx\13.2\ISE_DS\PlanAhead\parts\xilinx\rtl\prims\rtl_prims.xml]
Finished parsing RTL primitives file [C:\Xilinx\13.2\ISE_DS\PlanAhead\parts\xilinx\rtl\prims\rtl_prims.xml]
start_gui
source H:/12s2/COMP3601/Project/LedDisplay/pa.fromHdl.tcl
# create_project -name LedDisplay -dir "H:/12s2/COMP3601/Project/LedDisplay/planAhead_run_1" -part xc3s400ft256-5
Parsing template File [C:\Xilinx\13.2\ISE_DS\ISE\data\projnav\templates\verilog.xml].
Finished parsing template File [C:\Xilinx\13.2\ISE_DS\ISE\data\projnav\templates\verilog.xml].
Parsing template File [C:\Xilinx\13.2\ISE_DS\ISE\data\projnav\templates\vhdl.xml].
Finished parsing template File [C:\Xilinx\13.2\ISE_DS\ISE\data\projnav\templates\vhdl.xml].
Parsing template File [C:\Xilinx\13.2\ISE_DS\ISE\data\projnav\templates\ucf.xml].
Finished parsing template File [C:\Xilinx\13.2\ISE_DS\ISE\data\projnav\templates\ucf.xml].
create_project: Time (s): 7.041w.  Memory (MB): 367.137p 36.926g
# set_param project.pinAheadLayout yes
# set srcset [get_property srcset [current_run -impl]]
# set_property top LedDisplay $srcset
# set_param project.paUcfFile  "LedDisplay.ucf"
# set hdlfile [add_files [list {LedDisplay.vhd}]]
# set_property file_type VHDL $hdlfile
# set_property library work $hdlfile
# add_files "LedDisplay.ucf" -fileset [get_property constrset [current_run]]
# open_rtl_design -part xc3s400ft256-5
INFO: [PlanAhead-58] Using Verific elaboration
Parsing VHDL file "C:\Xilinx\13.2\ISE_DS\PlanAhead\parts\xilinx\rtl\lib\synplify\synattr.vhd" into library synplify
Parsing package <attributes>.
Parsing VHDL file "C:\Xilinx\13.2\ISE_DS\PlanAhead\parts\xilinx\rtl\lib\synplify\synattr.vhd" into library synplify
Parsing package <attributes>.
Parsing VHDL file "H:\12s2\COMP3601\Project\LedDisplay\LedDisplay.vhd" into library work
Parsing entity <LedDisplay>.
Parsing architecture <Behavioral> of entity <leddisplay>.
WARNING: [HDL-746] Range is empty (null range) [/build/xfndry/O.61xb/env/TOS/Verific/verific/vhdl_packages/numeric_std.vhd:878]
WARNING: [HDL-746] Range is empty (null range) [/build/xfndry/O.61xb/env/TOS/Verific/verific/vhdl_packages/numeric_std.vhd:879]
Removing all analyzed parse trees
INFO: [ArchReader-18] Reading macro library C:\Xilinx\13.2\ISE_DS\PlanAhead\./parts/xilinx/spartan3/hd_int_macros.edn
Parsing EDIF File [C:\Xilinx\13.2\ISE_DS\PlanAhead\./parts/xilinx/spartan3/hd_int_macros.edn]
Finished Parsing EDIF File [C:\Xilinx\13.2\ISE_DS\PlanAhead\./parts/xilinx/spartan3/hd_int_macros.edn]
INFO: [ArchReader-7] Loading clock regions from C:\Xilinx\13.2\ISE_DS\PlanAhead\parts/xilinx/spartan3/spartan3/xc3s400/ClockRegion.xml
INFO: [ArchReader-8] Loading clock buffers from C:\Xilinx\13.2\ISE_DS\PlanAhead\parts/xilinx/spartan3/spartan3/xc3s400/ClockBuffers.xml
INFO: [ArchReader-3] Loading package from C:\Xilinx\13.2\ISE_DS\PlanAhead\parts/xilinx/spartan3/spartan3/xc3s400/ft256/Package.xml
INFO: [ArchReader-4] Loading io standards from C:\Xilinx\13.2\ISE_DS\PlanAhead\./parts/xilinx/spartan3/IOStandards.xml
INFO: [ArchReader-5] Loading pkg sso from C:\Xilinx\13.2\ISE_DS\PlanAhead\parts/xilinx/spartan3/spartan3/xc3s400/ft256/SSORules.xml
INFO: [GDRC-0] Loading list of drcs for the architecture : C:\Xilinx\13.2\ISE_DS\PlanAhead\./parts/xilinx/spartan3/drc.xml
INFO: [LIB-0] Reading timing library C:\Xilinx\13.2\ISE_DS\PlanAhead\parts/xilinx/spartan3/spartan3/spartan3-5.lib .
INFO: [LIB-1] Done reading timing library C:\Xilinx\13.2\ISE_DS\PlanAhead\parts/xilinx/spartan3/spartan3/spartan3-5.lib .
Parsing UCF File [H:\12s2\COMP3601\Project\LedDisplay\LedDisplay.ucf]
Finished Parsing UCF File [H:\12s2\COMP3601\Project\LedDisplay\LedDisplay.ucf]
INFO: [Project-5] Unisim Transformation Summary:
No Unisim elements were transformed.
open_rtl_design: Time (s): 12.328w.  Memory (MB): 402.871p 35.734g
startgroup
startgroup
set_property loc PAD89 [get_ports {an[0]}]
set_property loc PAD89 [get_ports {an[0]}]
endgroup
endgroup
startgroup
startgroup
set_property loc PAD87 [get_ports {an[1]}]
set_property loc PAD87 [get_ports {an[1]}]
endgroup
endgroup
startgroup
startgroup
set_property loc PAD88 [get_ports {an[2]}]
set_property loc PAD88 [get_ports {an[2]}]
endgroup
endgroup
startgroup
startgroup
set_property loc PAD83 [get_ports {an[3]}]
set_property loc PAD83 [get_ports {an[3]}]
endgroup
endgroup
startgroup
startgroup
set_property loc PAD84 [get_ports {led[0]}]
set_property loc PAD84 [get_ports {led[0]}]
endgroup
endgroup
startgroup
startgroup
set_property loc PAD79 [get_ports {led[1]}]
set_property loc PAD79 [get_ports {led[1]}]
endgroup
endgroup
startgroup
startgroup
set_property loc PAD90 [get_ports {led[2]}]
set_property loc PAD90 [get_ports {led[2]}]
endgroup
endgroup
startgroup
startgroup
set_property loc PAD99 [get_ports {led[3]}]
set_property loc PAD99 [get_ports {led[3]}]
endgroup
endgroup
startgroup
startgroup
set_property loc PAD105 [get_ports {led[4]}]
set_property loc PAD105 [get_ports {led[4]}]
endgroup
endgroup
startgroup
startgroup
set_property loc PAD80 [get_ports {led[5]}]
set_property loc PAD80 [get_ports {led[5]}]
endgroup
endgroup
startgroup
startgroup
set_property loc PAD98 [get_ports {led[6]}]
set_property loc PAD98 [get_ports {led[6]}]
endgroup
endgroup
startgroup
startgroup
set_property loc PAD35 [get_ports clk]
set_property loc PAD35 [get_ports clk]
endgroup
endgroup
refresh_design
INFO: [PlanAhead-58] Using Verific elaboration
Parsing VHDL file "C:\Xilinx\13.2\ISE_DS\PlanAhead\parts\xilinx\rtl\lib\synplify\synattr.vhd" into library synplify
Parsing package <attributes>.
Parsing VHDL file "C:\Xilinx\13.2\ISE_DS\PlanAhead\parts\xilinx\rtl\lib\synplify\synattr.vhd" into library synplify
Parsing package <attributes>.
Parsing VHDL file "H:\12s2\COMP3601\Project\LedDisplay\LedDisplay.vhd" into library work
Parsing entity <LedDisplay>.
Parsing architecture <Behavioral> of entity <leddisplay>.
WARNING: [HDL-746] Range is empty (null range) [/build/xfndry/O.61xb/env/TOS/Verific/verific/vhdl_packages/numeric_std.vhd:878]
WARNING: [HDL-746] Range is empty (null range) [/build/xfndry/O.61xb/env/TOS/Verific/verific/vhdl_packages/numeric_std.vhd:879]
Removing all analyzed parse trees
INFO: [ArchReader-18] Reading macro library C:\Xilinx\13.2\ISE_DS\PlanAhead\./parts/xilinx/spartan3/hd_int_macros.edn
Parsing EDIF File [C:\Xilinx\13.2\ISE_DS\PlanAhead\./parts/xilinx/spartan3/hd_int_macros.edn]
Finished Parsing EDIF File [C:\Xilinx\13.2\ISE_DS\PlanAhead\./parts/xilinx/spartan3/hd_int_macros.edn]
INFO: [ArchReader-7] Loading clock regions from C:\Xilinx\13.2\ISE_DS\PlanAhead\parts/xilinx/spartan3/spartan3/xc3s400/ClockRegion.xml
INFO: [ArchReader-8] Loading clock buffers from C:\Xilinx\13.2\ISE_DS\PlanAhead\parts/xilinx/spartan3/spartan3/xc3s400/ClockBuffers.xml
INFO: [ArchReader-3] Loading package from C:\Xilinx\13.2\ISE_DS\PlanAhead\parts/xilinx/spartan3/spartan3/xc3s400/ft256/Package.xml
INFO: [ArchReader-4] Loading io standards from C:\Xilinx\13.2\ISE_DS\PlanAhead\./parts/xilinx/spartan3/IOStandards.xml
INFO: [ArchReader-5] Loading pkg sso from C:\Xilinx\13.2\ISE_DS\PlanAhead\parts/xilinx/spartan3/spartan3/xc3s400/ft256/SSORules.xml
INFO: [GDRC-0] Loading list of drcs for the architecture : C:\Xilinx\13.2\ISE_DS\PlanAhead\./parts/xilinx/spartan3/drc.xml
INFO: [LIB-0] Reading timing library C:\Xilinx\13.2\ISE_DS\PlanAhead\parts/xilinx/spartan3/spartan3/spartan3-5.lib .
INFO: [LIB-1] Done reading timing library C:\Xilinx\13.2\ISE_DS\PlanAhead\parts/xilinx/spartan3/spartan3/spartan3-5.lib .
Parsing UCF File [H:\12s2\COMP3601\Project\LedDisplay\LedDisplay.ucf]
Finished Parsing UCF File [H:\12s2\COMP3601\Project\LedDisplay\LedDisplay.ucf]
startgroup
startgroup
set_property loc PAD89 [get_ports an0]
set_property loc PAD89 [get_ports an0]
endgroup
endgroup
startgroup
startgroup
set_property loc PAD87 [get_ports an1]
set_property loc PAD87 [get_ports an1]
endgroup
endgroup
startgroup
startgroup
set_property loc PAD88 [get_ports an2]
set_property loc PAD88 [get_ports an2]
endgroup
endgroup
startgroup
startgroup
set_property loc PAD83 [get_ports an3]
set_property loc PAD83 [get_ports an3]
endgroup
endgroup
startgroup
startgroup
set_property loc PAD84 [get_ports {led[0]}]
set_property loc PAD84 [get_ports {led[0]}]
endgroup
endgroup
startgroup
startgroup
set_property loc PAD79 [get_ports {led[1]}]
set_property loc PAD79 [get_ports {led[1]}]
endgroup
endgroup
startgroup
startgroup
set_property loc PAD90 [get_ports {led[2]}]
set_property loc PAD90 [get_ports {led[2]}]
endgroup
endgroup
startgroup
startgroup
set_property loc PAD99 [get_ports {led[3]}]
set_property loc PAD99 [get_ports {led[3]}]
endgroup
endgroup
startgroup
startgroup
set_property loc PAD236 [get_ports {led[4]}]
set_property loc PAD236 [get_ports {led[4]}]
endgroup
endgroup
startgroup
startgroup
set_property loc PAD105 [get_ports {led[4]}]
set_property loc PAD105 [get_ports {led[4]}]
endgroup
endgroup
startgroup
startgroup
set_property loc PAD80 [get_ports {led[5]}]
set_property loc PAD80 [get_ports {led[5]}]
endgroup
endgroup
startgroup
startgroup
set_property loc PAD98 [get_ports {led[6]}]
set_property loc PAD98 [get_ports {led[6]}]
endgroup
endgroup
startgroup
startgroup
set_property loc PAD35 [get_ports clk]
set_property loc PAD35 [get_ports clk]
endgroup
endgroup
startgroup
startgroup
set_property loc PAD168 [get_ports clk]
set_property loc PAD168 [get_ports clk]
endgroup
endgroup
set_property loc "" [get_ports [list  an0]]
set_property loc "" [get_ports [list  an0]]
set_property loc "" [get_ports [list  an1]]
set_property loc "" [get_ports [list  an1]]
set_property loc "" [get_ports [list  an2]]
set_property loc "" [get_ports [list  an2]]
set_property loc "" [get_ports [list  an3]]
set_property loc "" [get_ports [list  an3]]
startgroup
startgroup
set_property loc PAD89 [get_ports an3]
set_property loc PAD89 [get_ports an3]
endgroup
endgroup
startgroup
startgroup
set_property loc PAD87 [get_ports an2]
set_property loc PAD87 [get_ports an2]
endgroup
endgroup
startgroup
startgroup
set_property loc PAD87 [get_ports an2]
set_property loc PAD87 [get_ports an2]
endgroup
endgroup
startgroup
startgroup
set_property loc PAD88 [get_ports an1]
set_property loc PAD88 [get_ports an1]
endgroup
endgroup
startgroup
startgroup
set_property loc PAD83 [get_ports an0]
set_property loc PAD83 [get_ports an0]
endgroup
endgroup
startgroup
startgroup
set_property loc PAD35 [get_ports clk]
set_property loc PAD35 [get_ports clk]
endgroup
endgroup
refresh_design
INFO: [PlanAhead-58] Using Verific elaboration
Parsing VHDL file "C:\Xilinx\13.2\ISE_DS\PlanAhead\parts\xilinx\rtl\lib\synplify\synattr.vhd" into library synplify
Parsing package <attributes>.
Parsing VHDL file "C:\Xilinx\13.2\ISE_DS\PlanAhead\parts\xilinx\rtl\lib\synplify\synattr.vhd" into library synplify
Parsing package <attributes>.
Parsing VHDL file "H:\12s2\COMP3601\Project\LedDisplay\LedDisplay.vhd" into library work
Parsing entity <LedDisplay>.
Parsing architecture <Behavioral> of entity <leddisplay>.
WARNING: [HDL-746] Range is empty (null range) [/build/xfndry/O.61xb/env/TOS/Verific/verific/vhdl_packages/numeric_std.vhd:878]
WARNING: [HDL-746] Range is empty (null range) [/build/xfndry/O.61xb/env/TOS/Verific/verific/vhdl_packages/numeric_std.vhd:879]
Removing all analyzed parse trees
INFO: [ArchReader-18] Reading macro library C:\Xilinx\13.2\ISE_DS\PlanAhead\./parts/xilinx/spartan3/hd_int_macros.edn
Parsing EDIF File [C:\Xilinx\13.2\ISE_DS\PlanAhead\./parts/xilinx/spartan3/hd_int_macros.edn]
Finished Parsing EDIF File [C:\Xilinx\13.2\ISE_DS\PlanAhead\./parts/xilinx/spartan3/hd_int_macros.edn]
INFO: [ArchReader-7] Loading clock regions from C:\Xilinx\13.2\ISE_DS\PlanAhead\parts/xilinx/spartan3/spartan3/xc3s400/ClockRegion.xml
INFO: [ArchReader-8] Loading clock buffers from C:\Xilinx\13.2\ISE_DS\PlanAhead\parts/xilinx/spartan3/spartan3/xc3s400/ClockBuffers.xml
INFO: [ArchReader-3] Loading package from C:\Xilinx\13.2\ISE_DS\PlanAhead\parts/xilinx/spartan3/spartan3/xc3s400/ft256/Package.xml
INFO: [ArchReader-4] Loading io standards from C:\Xilinx\13.2\ISE_DS\PlanAhead\./parts/xilinx/spartan3/IOStandards.xml
INFO: [ArchReader-5] Loading pkg sso from C:\Xilinx\13.2\ISE_DS\PlanAhead\parts/xilinx/spartan3/spartan3/xc3s400/ft256/SSORules.xml
INFO: [GDRC-0] Loading list of drcs for the architecture : C:\Xilinx\13.2\ISE_DS\PlanAhead\./parts/xilinx/spartan3/drc.xml
INFO: [LIB-0] Reading timing library C:\Xilinx\13.2\ISE_DS\PlanAhead\parts/xilinx/spartan3/spartan3/spartan3-5.lib .
INFO: [LIB-1] Done reading timing library C:\Xilinx\13.2\ISE_DS\PlanAhead\parts/xilinx/spartan3/spartan3/spartan3-5.lib .
Parsing UCF File [H:\12s2\COMP3601\Project\LedDisplay\LedDisplay.ucf]
Finished Parsing UCF File [H:\12s2\COMP3601\Project\LedDisplay\LedDisplay.ucf]
startgroup
startgroup
set_property loc PAD84 [get_ports {led[0]}]
set_property loc PAD84 [get_ports {led[0]}]
endgroup
endgroup
startgroup
startgroup
set_property loc PAD79 [get_ports {led[1]}]
set_property loc PAD79 [get_ports {led[1]}]
endgroup
endgroup
startgroup
startgroup
set_property loc PAD90 [get_ports {led[2]}]
set_property loc PAD90 [get_ports {led[2]}]
endgroup
endgroup
startgroup
startgroup
set_property loc PAD99 [get_ports {led[3]}]
set_property loc PAD99 [get_ports {led[3]}]
endgroup
endgroup
startgroup
startgroup
set_property loc PAD105 [get_ports {led[4]}]
set_property loc PAD105 [get_ports {led[4]}]
endgroup
endgroup
startgroup
startgroup
set_property loc PAD80 [get_ports {led[5]}]
set_property loc PAD80 [get_ports {led[5]}]
endgroup
endgroup
startgroup
startgroup
set_property loc PAD98 [get_ports {led[6]}]
set_property loc PAD98 [get_ports {led[6]}]
endgroup
endgroup
startgroup
startgroup
set_property loc PAD89 [get_ports an0]
set_property loc PAD89 [get_ports an0]
endgroup
endgroup
startgroup
startgroup
set_property loc PAD87 [get_ports an1]
set_property loc PAD87 [get_ports an1]
endgroup
endgroup
startgroup
startgroup
set_property loc PAD88 [get_ports an2]
set_property loc PAD88 [get_ports an2]
endgroup
endgroup
startgroup
startgroup
set_property loc PAD83 [get_ports an3]
set_property loc PAD83 [get_ports an3]
endgroup
endgroup
startgroup
startgroup
set_property loc PAD35 [get_ports clk]
set_property loc PAD35 [get_ports clk]
endgroup
endgroup
save_design -force
exit
stop_gui
INFO: [PlanAhead-261] Exiting PlanAhead...
INFO: [Common-83] Releasing license: PlanAhead
