--------------------------------------------------------------------------------
Release 13.2 Trace  (nt)
Copyright (c) 1995-2011 Xilinx, Inc.  All rights reserved.

C:\Xilinx\13.2\ISE_DS\ISE\bin\nt\unwrapped\trce.exe -intstyle ise -v 3 -s 5 -n
3 -fastpaths -xml display.twx display.ncd -o display.twr display.pcf -ucf
display.ucf

Design file:              display.ncd
Physical constraint file: display.pcf
Device,package,speed:     xc3s400,ft256,-5 (PRODUCTION 1.39 2011-06-20)
Report level:             verbose report

Environment Variable      Effect 
--------------------      ------ 
NONE                      No environment variables were set
--------------------------------------------------------------------------------

INFO:Timing:2698 - No timing constraints found, doing default enumeration.
INFO:Timing:2752 - To get complete path coverage, use the unconstrained paths 
   option. All paths that are not constrained will be reported in the 
   unconstrained paths section(s) of the report.
INFO:Timing:3339 - The clock-to-out numbers in this timing report are based on 
   a 50 Ohm transmission line loading model.  For the details of this model, 
   and for more information on accounting for different loading conditions, 
   please see the device datasheet.
INFO:Timing:3390 - This architecture does not support a default System Jitter 
   value, please add SYSTEM_JITTER constraint to the UCF to modify the Clock 
   Uncertainty calculation.
INFO:Timing:3389 - This architecture does not support 'Discrete Jitter' and 
   'Phase Error' calculations, these terms will be zero in the Clock 
   Uncertainty calculation.  Please make appropriate modification to 
   SYSTEM_JITTER to account for the unsupported Discrete Jitter and Phase 
   Error.



Data Sheet report:
-----------------
All values displayed in nanoseconds (ns)

Clock clock to Pad
------------+------------+------------------+--------+
            | clk (edge) |                  | Clock  |
Destination |   to PAD   |Internal Clock(s) | Phase  |
------------+------------+------------------+--------+
an<0>       |   10.050(R)|clock_BUFGP       |   0.000|
an<1>       |    9.998(R)|clock_BUFGP       |   0.000|
an<2>       |    9.976(R)|clock_BUFGP       |   0.000|
an<3>       |    9.774(R)|clock_BUFGP       |   0.000|
ca<0>       |   14.280(R)|clock_BUFGP       |   0.000|
ca<1>       |   14.970(R)|clock_BUFGP       |   0.000|
ca<2>       |   14.711(R)|clock_BUFGP       |   0.000|
ca<3>       |   14.351(R)|clock_BUFGP       |   0.000|
ca<4>       |   13.575(R)|clock_BUFGP       |   0.000|
ca<5>       |   14.361(R)|clock_BUFGP       |   0.000|
ca<6>       |   14.013(R)|clock_BUFGP       |   0.000|
------------+------------+------------------+--------+

Clock to Setup on destination clock clock
---------------+---------+---------+---------+---------+
               | Src:Rise| Src:Fall| Src:Rise| Src:Fall|
Source Clock   |Dest:Rise|Dest:Rise|Dest:Fall|Dest:Fall|
---------------+---------+---------+---------+---------+
clock          |   10.374|         |         |         |
---------------+---------+---------+---------+---------+


Analysis completed Sun Oct 07 22:10:47 2012 
--------------------------------------------------------------------------------

Trace Settings:
-------------------------
Trace Settings 

Peak Memory Usage: 103 MB



