Release 13.2 - xst O.61xd (nt)
Copyright (c) 1995-2011 Xilinx, Inc.  All rights reserved.
--> Parameter TMPDIR set to xst/projnav.tmp


Total REAL time to Xst completion: 0.00 secs
Total CPU time to Xst completion: 0.14 secs
 
--> Parameter xsthdpdir set to xst


Total REAL time to Xst completion: 0.00 secs
Total CPU time to Xst completion: 0.14 secs
 
--> Reading design: display.prj

TABLE OF CONTENTS
  1) Synthesis Options Summary
  2) HDL Compilation
  3) Design Hierarchy Analysis
  4) HDL Analysis
  5) HDL Synthesis
     5.1) HDL Synthesis Report
  6) Advanced HDL Synthesis
     6.1) Advanced HDL Synthesis Report
  7) Low Level Synthesis
  8) Partition Report
  9) Final Report
	9.1) Device utilization summary
	9.2) Partition Resource Summary
	9.3) TIMING REPORT


=========================================================================
*                      Synthesis Options Summary                        *
=========================================================================
---- Source Parameters
Input File Name                    : "display.prj"
Input Format                       : mixed
Ignore Synthesis Constraint File   : NO

---- Target Parameters
Output File Name                   : "display"
Output Format                      : NGC
Target Device                      : xc3s400-5-ft256

---- Source Options
Top Module Name                    : display
Automatic FSM Extraction           : YES
FSM Encoding Algorithm             : Auto
Safe Implementation                : No
FSM Style                          : LUT
RAM Extraction                     : Yes
RAM Style                          : Auto
ROM Extraction                     : Yes
Mux Style                          : Auto
Decoder Extraction                 : YES
Priority Encoder Extraction        : Yes
Shift Register Extraction          : YES
Logical Shifter Extraction         : YES
XOR Collapsing                     : YES
ROM Style                          : Auto
Mux Extraction                     : Yes
Resource Sharing                   : YES
Asynchronous To Synchronous        : NO
Multiplier Style                   : Auto
Automatic Register Balancing       : No

---- Target Options
Add IO Buffers                     : YES
Global Maximum Fanout              : 500
Add Generic Clock Buffer(BUFG)     : 8
Register Duplication               : YES
Slice Packing                      : YES
Optimize Instantiated Primitives   : NO
Use Clock Enable                   : Yes
Use Synchronous Set                : Yes
Use Synchronous Reset              : Yes
Pack IO Registers into IOBs        : Auto
Equivalent register Removal        : YES

---- General Options
Optimization Goal                  : Speed
Optimization Effort                : 1
Keep Hierarchy                     : No
Netlist Hierarchy                  : As_Optimized
RTL Output                         : Yes
Global Optimization                : AllClockNets
Read Cores                         : YES
Write Timing Constraints           : NO
Cross Clock Analysis               : NO
Hierarchy Separator                : /
Bus Delimiter                      : <>
Case Specifier                     : Maintain
Slice Utilization Ratio            : 100
BRAM Utilization Ratio             : 100
Verilog 2001                       : YES
Auto BRAM Packing                  : NO
Slice Utilization Ratio Delta      : 5

=========================================================================


=========================================================================
*                          HDL Compilation                              *
=========================================================================
Compiling vhdl file "H:/12s2/COMP3601/Project/display_decoder/display_decoder.vhd" in Library work.
Architecture behavioral of Entity display_decoder is up to date.
Compiling vhdl file "H:/12s2/COMP3601/Project/integer_divider/integer_divider.vhd" in Library work.
Architecture behavioral of Entity integer_divider is up to date.
Compiling vhdl file "H:/12s2/COMP3601/Project/digit_separator/digit_separator.vhd" in Library work.
Architecture behavioral of Entity digit_separator is up to date.
Compiling vhdl file "H:/12s2/COMP3601/Project/clocked_display/clocked_display.vhd" in Library work.
Architecture behavioral of Entity clocked_display is up to date.
Compiling vhdl file "H:/12s2/COMP3601/Project/display/display.vhd" in Library work.
Entity <display> compiled.
Entity <display> (Architecture <behavioral>) compiled.

=========================================================================
*                     Design Hierarchy Analysis                         *
=========================================================================
Analyzing hierarchy for entity <display> in library <work> (architecture <behavioral>).

Analyzing hierarchy for entity <digit_separator> in library <work> (architecture <behavioral>).

Analyzing hierarchy for entity <clocked_display> in library <work> (architecture <behavioral>).

Analyzing hierarchy for entity <integer_divider> in library <work> (architecture <behavioral>).

Analyzing hierarchy for entity <display_decoder> in library <work> (architecture <behavioral>).


=========================================================================
*                            HDL Analysis                               *
=========================================================================
Analyzing Entity <display> in library <work> (Architecture <behavioral>).
Entity <display> analyzed. Unit <display> generated.

Analyzing Entity <digit_separator> in library <work> (Architecture <behavioral>).
Entity <digit_separator> analyzed. Unit <digit_separator> generated.

Analyzing Entity <integer_divider> in library <work> (Architecture <behavioral>).
Entity <integer_divider> analyzed. Unit <integer_divider> generated.

Analyzing Entity <clocked_display> in library <work> (Architecture <behavioral>).
Entity <clocked_display> analyzed. Unit <clocked_display> generated.

Analyzing Entity <display_decoder> in library <work> (Architecture <behavioral>).
Entity <display_decoder> analyzed. Unit <display_decoder> generated.


=========================================================================
*                           HDL Synthesis                               *
=========================================================================

Performing bidirectional port resolution...

Synthesizing Unit <integer_divider>.
    Related source file is "H:/12s2/COMP3601/Project/integer_divider/integer_divider.vhd".
    Found 32-bit up accumulator for signal <numerator>.
    Found 32-bit comparator greatequal for signal <numerator$cmp_ge0000> created at line 53.
    Found 32-bit up counter for signal <quotient_signal>.
    Found 32-bit register for signal <remainder_signal>.
    Found 32-bit comparator greatequal for signal <remainder_signal$cmp_ge0000> created at line 53.
    Found 32-bit subtractor for signal <remainder_signal$sub0001> created at line 57.
    Summary:
	inferred   1 Counter(s).
	inferred   1 Accumulator(s).
	inferred  32 D-type flip-flop(s).
	inferred   1 Adder/Subtractor(s).
	inferred   2 Comparator(s).
Unit <integer_divider> synthesized.


Synthesizing Unit <display_decoder>.
    Related source file is "H:/12s2/COMP3601/Project/display_decoder/display_decoder.vhd".
    Found 16x7-bit ROM for signal <display_value$mux0000>.
    Summary:
	inferred   1 ROM(s).
Unit <display_decoder> synthesized.


Synthesizing Unit <digit_separator>.
    Related source file is "H:/12s2/COMP3601/Project/digit_separator/digit_separator.vhd".
WARNING:Xst:646 - Signal <dividendd> is assigned but never used. This unconnected signal will be trimmed during the optimization process.
Unit <digit_separator> synthesized.


Synthesizing Unit <clocked_display>.
    Related source file is "H:/12s2/COMP3601/Project/clocked_display/clocked_display.vhd".
    Found 4-bit register for signal <an>.
    Found 32-bit up counter for signal <counter>.
    Found 32-bit register for signal <display>.
    Summary:
	inferred   1 Counter(s).
	inferred  36 D-type flip-flop(s).
Unit <clocked_display> synthesized.


Synthesizing Unit <display>.
    Related source file is "H:/12s2/COMP3601/Project/display/display.vhd".
WARNING:Xst:653 - Signal <number> is used but never assigned. This sourceless signal will be automatically connected to value 00000000000000000000000000010111.
Unit <display> synthesized.


=========================================================================
HDL Synthesis Report

Macro Statistics
# ROMs                                                 : 1
 16x7-bit ROM                                          : 1
# Adders/Subtractors                                   : 4
 32-bit subtractor                                     : 4
# Counters                                             : 5
 32-bit up counter                                     : 5
# Accumulators                                         : 4
 32-bit up accumulator                                 : 4
# Registers                                            : 9
 1-bit register                                        : 4
 32-bit register                                       : 5
# Comparators                                          : 8
 32-bit comparator greatequal                          : 8

=========================================================================

=========================================================================
*                       Advanced HDL Synthesis                          *
=========================================================================


=========================================================================
Advanced HDL Synthesis Report

Macro Statistics
# ROMs                                                 : 1
 16x7-bit ROM                                          : 1
# Adders/Subtractors                                   : 4
 32-bit subtractor                                     : 4
# Counters                                             : 5
 32-bit up counter                                     : 5
# Accumulators                                         : 4
 32-bit up accumulator                                 : 4
# Registers                                            : 164
 Flip-Flops                                            : 164
# Comparators                                          : 8
 32-bit comparator greatequal                          : 8

=========================================================================

=========================================================================
*                         Low Level Synthesis                           *
=========================================================================

Optimizing unit <display> ...

Optimizing unit <integer_divider> ...

Optimizing unit <clocked_display> ...
WARNING:Xst:2677 - Node <separate/dig3/quotient_signal_31> of sequential type is unconnected in block <display>.
WARNING:Xst:2677 - Node <separate/dig3/quotient_signal_30> of sequential type is unconnected in block <display>.
WARNING:Xst:2677 - Node <separate/dig3/quotient_signal_29> of sequential type is unconnected in block <display>.
WARNING:Xst:2677 - Node <separate/dig3/quotient_signal_28> of sequential type is unconnected in block <display>.
WARNING:Xst:2677 - Node <separate/dig3/quotient_signal_27> of sequential type is unconnected in block <display>.
WARNING:Xst:2677 - Node <separate/dig3/quotient_signal_26> of sequential type is unconnected in block <display>.
WARNING:Xst:2677 - Node <separate/dig3/quotient_signal_25> of sequential type is unconnected in block <display>.
WARNING:Xst:2677 - Node <separate/dig3/quotient_signal_24> of sequential type is unconnected in block <display>.
WARNING:Xst:2677 - Node <separate/dig3/quotient_signal_23> of sequential type is unconnected in block <display>.
WARNING:Xst:2677 - Node <separate/dig3/quotient_signal_22> of sequential type is unconnected in block <display>.
WARNING:Xst:2677 - Node <separate/dig3/quotient_signal_21> of sequential type is unconnected in block <display>.
WARNING:Xst:2677 - Node <separate/dig3/quotient_signal_20> of sequential type is unconnected in block <display>.
WARNING:Xst:2677 - Node <separate/dig3/quotient_signal_19> of sequential type is unconnected in block <display>.
WARNING:Xst:2677 - Node <separate/dig3/quotient_signal_18> of sequential type is unconnected in block <display>.
WARNING:Xst:2677 - Node <separate/dig3/quotient_signal_17> of sequential type is unconnected in block <display>.
WARNING:Xst:2677 - Node <separate/dig3/quotient_signal_16> of sequential type is unconnected in block <display>.
WARNING:Xst:2677 - Node <separate/dig3/quotient_signal_15> of sequential type is unconnected in block <display>.
WARNING:Xst:2677 - Node <separate/dig3/quotient_signal_14> of sequential type is unconnected in block <display>.
WARNING:Xst:2677 - Node <separate/dig3/quotient_signal_13> of sequential type is unconnected in block <display>.
WARNING:Xst:2677 - Node <separate/dig3/quotient_signal_12> of sequential type is unconnected in block <display>.
WARNING:Xst:2677 - Node <separate/dig3/quotient_signal_11> of sequential type is unconnected in block <display>.
WARNING:Xst:2677 - Node <separate/dig3/quotient_signal_10> of sequential type is unconnected in block <display>.
WARNING:Xst:2677 - Node <separate/dig3/quotient_signal_9> of sequential type is unconnected in block <display>.
WARNING:Xst:2677 - Node <separate/dig3/quotient_signal_8> of sequential type is unconnected in block <display>.
WARNING:Xst:2677 - Node <separate/dig3/quotient_signal_7> of sequential type is unconnected in block <display>.
WARNING:Xst:2677 - Node <separate/dig3/quotient_signal_6> of sequential type is unconnected in block <display>.
WARNING:Xst:2677 - Node <separate/dig3/quotient_signal_5> of sequential type is unconnected in block <display>.
WARNING:Xst:2677 - Node <separate/dig3/quotient_signal_4> of sequential type is unconnected in block <display>.
WARNING:Xst:2677 - Node <separate/dig3/quotient_signal_3> of sequential type is unconnected in block <display>.
WARNING:Xst:2677 - Node <separate/dig3/quotient_signal_2> of sequential type is unconnected in block <display>.
WARNING:Xst:2677 - Node <separate/dig3/quotient_signal_1> of sequential type is unconnected in block <display>.
WARNING:Xst:2677 - Node <separate/dig3/quotient_signal_0> of sequential type is unconnected in block <display>.

Mapping all equations...
Building and optimizing final netlist ...
Found area constraint ratio of 100 (+ 5) on block display, actual ratio is 11.

Final Macro Processing ...

=========================================================================
Final Register Report

Macro Statistics
# Registers                                            : 420
 Flip-Flops                                            : 420

=========================================================================

=========================================================================
*                           Partition Report                            *
=========================================================================

Partition Implementation Status
-------------------------------

  No Partitions were found in this design.

-------------------------------

=========================================================================
*                            Final Report                               *
=========================================================================
Final Results
RTL Top Level Output File Name     : display.ngr
Top Level Output File Name         : display
Output Format                      : NGC
Optimization Goal                  : Speed
Keep Hierarchy                     : No

Design Statistics
# IOs                              : 13

Cell Usage :
# BELS                             : 1551
#      GND                         : 1
#      INV                         : 164
#      LUT1                        : 256
#      LUT2                        : 124
#      LUT3                        : 12
#      LUT4                        : 99
#      LUT4_D                      : 1
#      MUXCY                       : 505
#      MUXF5                       : 4
#      VCC                         : 1
#      XORCY                       : 384
# FlipFlops/Latches                : 420
#      FDCE                        : 352
#      FDE                         : 36
#      FDR                         : 32
# Clock Buffers                    : 1
#      BUFGP                       : 1
# IO Buffers                       : 12
#      IBUF                        : 1
#      OBUF                        : 11
=========================================================================

Device utilization summary:
---------------------------

Selected Device : 3s400ft256-5 

 Number of Slices:                      378  out of   3584    10%  
 Number of Slice Flip Flops:            420  out of   7168     5%  
 Number of 4 input LUTs:                656  out of   7168     9%  
 Number of IOs:                          13
 Number of bonded IOBs:                  13  out of    173     7%  
 Number of GCLKs:                         1  out of      8    12%  

---------------------------
Partition Resource Summary:
---------------------------

  No Partitions were found in this design.

---------------------------


=========================================================================
TIMING REPORT

NOTE: THESE TIMING NUMBERS ARE ONLY A SYNTHESIS ESTIMATE.
      FOR ACCURATE TIMING INFORMATION PLEASE REFER TO THE TRACE REPORT
      GENERATED AFTER PLACE-and-ROUTE.

Clock Information:
------------------
-----------------------------------+------------------------+-------+
Clock Signal                       | Clock buffer(FF name)  | Load  |
-----------------------------------+------------------------+-------+
clock                              | BUFGP                  | 420   |
-----------------------------------+------------------------+-------+

Asynchronous Control Signals Information:
----------------------------------------
-----------------------------------+------------------------+-------+
Control Signal                     | Buffer(FF name)        | Load  |
-----------------------------------+------------------------+-------+
reset                              | IBUF                   | 352   |
-----------------------------------+------------------------+-------+

Timing Summary:
---------------
Speed Grade: -5

   Minimum period: 11.334ns (Maximum Frequency: 88.230MHz)
   Minimum input arrival time before clock: No path found
   Maximum output required time after clock: 11.975ns
   Maximum combinational path delay: No path found

Timing Detail:
--------------
All values displayed in nanoseconds (ns)

=========================================================================
Timing constraint: Default period analysis for Clock 'clock'
  Clock period: 11.334ns (frequency: 88.230MHz)
  Total number of paths / destination ports: 859495 / 840
-------------------------------------------------------------------------
Delay:               11.334ns (Levels of Logic = 36)
  Source:            separate/dig2/quotient_signal_0 (FF)
  Destination:       separate/dig3/remainder_signal_31 (FF)
  Source Clock:      clock rising
  Destination Clock: clock rising

  Data Path: separate/dig2/quotient_signal_0 to separate/dig3/remainder_signal_31
                                Gate     Net
    Cell:in->out      fanout   Delay   Delay  Logical Name (Net Name)
    ----------------------------------------  ------------
     FDCE:C->Q             2   0.626   1.040  separate/dig2/quotient_signal_0 (separate/dig2/quotient_signal_0)
     LUT2:I0->O            1   0.479   0.000  separate/dig3/Msub_remainder_signal_sub0001_lut<0> (separate/dig3/Msub_remainder_signal_sub0001_lut<0>)
     MUXCY:S->O            1   0.435   0.000  separate/dig3/Msub_remainder_signal_sub0001_cy<0> (separate/dig3/Msub_remainder_signal_sub0001_cy<0>)
     MUXCY:CI->O           1   0.056   0.000  separate/dig3/Msub_remainder_signal_sub0001_cy<1> (separate/dig3/Msub_remainder_signal_sub0001_cy<1>)
     MUXCY:CI->O           1   0.056   0.000  separate/dig3/Msub_remainder_signal_sub0001_cy<2> (separate/dig3/Msub_remainder_signal_sub0001_cy<2>)
     XORCY:CI->O           2   0.786   1.040  separate/dig3/Msub_remainder_signal_sub0001_xor<3> (separate/dig3/Mcompar_numerator_cmp_ge0000_lut<3>)
     LUT1:I0->O            1   0.479   0.000  separate/dig3/Mcompar_numerator_cmp_ge0000_cy<3>_rt (separate/dig3/Mcompar_numerator_cmp_ge0000_cy<3>_rt)
     MUXCY:S->O            1   0.435   0.000  separate/dig3/Mcompar_numerator_cmp_ge0000_cy<3> (separate/dig3/Mcompar_numerator_cmp_ge0000_cy<3>)
     MUXCY:CI->O           1   0.056   0.000  separate/dig3/Mcompar_numerator_cmp_ge0000_cy<4> (separate/dig3/Mcompar_numerator_cmp_ge0000_cy<4>)
     MUXCY:CI->O           1   0.056   0.000  separate/dig3/Mcompar_numerator_cmp_ge0000_cy<5> (separate/dig3/Mcompar_numerator_cmp_ge0000_cy<5>)
     MUXCY:CI->O           1   0.056   0.000  separate/dig3/Mcompar_numerator_cmp_ge0000_cy<6> (separate/dig3/Mcompar_numerator_cmp_ge0000_cy<6>)
     MUXCY:CI->O           1   0.056   0.000  separate/dig3/Mcompar_numerator_cmp_ge0000_cy<7> (separate/dig3/Mcompar_numerator_cmp_ge0000_cy<7>)
     MUXCY:CI->O           1   0.056   0.000  separate/dig3/Mcompar_numerator_cmp_ge0000_cy<8> (separate/dig3/Mcompar_numerator_cmp_ge0000_cy<8>)
     MUXCY:CI->O           1   0.056   0.000  separate/dig3/Mcompar_numerator_cmp_ge0000_cy<9> (separate/dig3/Mcompar_numerator_cmp_ge0000_cy<9>)
     MUXCY:CI->O           1   0.056   0.000  separate/dig3/Mcompar_numerator_cmp_ge0000_cy<10> (separate/dig3/Mcompar_numerator_cmp_ge0000_cy<10>)
     MUXCY:CI->O           1   0.056   0.000  separate/dig3/Mcompar_numerator_cmp_ge0000_cy<11> (separate/dig3/Mcompar_numerator_cmp_ge0000_cy<11>)
     MUXCY:CI->O           1   0.056   0.000  separate/dig3/Mcompar_numerator_cmp_ge0000_cy<12> (separate/dig3/Mcompar_numerator_cmp_ge0000_cy<12>)
     MUXCY:CI->O           1   0.056   0.000  separate/dig3/Mcompar_numerator_cmp_ge0000_cy<13> (separate/dig3/Mcompar_numerator_cmp_ge0000_cy<13>)
     MUXCY:CI->O           1   0.056   0.000  separate/dig3/Mcompar_numerator_cmp_ge0000_cy<14> (separate/dig3/Mcompar_numerator_cmp_ge0000_cy<14>)
     MUXCY:CI->O           1   0.056   0.000  separate/dig3/Mcompar_numerator_cmp_ge0000_cy<15> (separate/dig3/Mcompar_numerator_cmp_ge0000_cy<15>)
     MUXCY:CI->O           1   0.056   0.000  separate/dig3/Mcompar_numerator_cmp_ge0000_cy<16> (separate/dig3/Mcompar_numerator_cmp_ge0000_cy<16>)
     MUXCY:CI->O           1   0.056   0.000  separate/dig3/Mcompar_numerator_cmp_ge0000_cy<17> (separate/dig3/Mcompar_numerator_cmp_ge0000_cy<17>)
     MUXCY:CI->O           1   0.056   0.000  separate/dig3/Mcompar_numerator_cmp_ge0000_cy<18> (separate/dig3/Mcompar_numerator_cmp_ge0000_cy<18>)
     MUXCY:CI->O           1   0.056   0.000  separate/dig3/Mcompar_numerator_cmp_ge0000_cy<19> (separate/dig3/Mcompar_numerator_cmp_ge0000_cy<19>)
     MUXCY:CI->O           1   0.056   0.000  separate/dig3/Mcompar_numerator_cmp_ge0000_cy<20> (separate/dig3/Mcompar_numerator_cmp_ge0000_cy<20>)
     MUXCY:CI->O           1   0.056   0.000  separate/dig3/Mcompar_numerator_cmp_ge0000_cy<21> (separate/dig3/Mcompar_numerator_cmp_ge0000_cy<21>)
     MUXCY:CI->O           1   0.056   0.000  separate/dig3/Mcompar_numerator_cmp_ge0000_cy<22> (separate/dig3/Mcompar_numerator_cmp_ge0000_cy<22>)
     MUXCY:CI->O           1   0.056   0.000  separate/dig3/Mcompar_numerator_cmp_ge0000_cy<23> (separate/dig3/Mcompar_numerator_cmp_ge0000_cy<23>)
     MUXCY:CI->O           1   0.056   0.000  separate/dig3/Mcompar_numerator_cmp_ge0000_cy<24> (separate/dig3/Mcompar_numerator_cmp_ge0000_cy<24>)
     MUXCY:CI->O           1   0.056   0.000  separate/dig3/Mcompar_numerator_cmp_ge0000_cy<25> (separate/dig3/Mcompar_numerator_cmp_ge0000_cy<25>)
     MUXCY:CI->O           1   0.056   0.000  separate/dig3/Mcompar_numerator_cmp_ge0000_cy<26> (separate/dig3/Mcompar_numerator_cmp_ge0000_cy<26>)
     MUXCY:CI->O           1   0.056   0.000  separate/dig3/Mcompar_numerator_cmp_ge0000_cy<27> (separate/dig3/Mcompar_numerator_cmp_ge0000_cy<27>)
     MUXCY:CI->O           1   0.056   0.000  separate/dig3/Mcompar_numerator_cmp_ge0000_cy<28> (separate/dig3/Mcompar_numerator_cmp_ge0000_cy<28>)
     MUXCY:CI->O           1   0.056   0.000  separate/dig3/Mcompar_numerator_cmp_ge0000_cy<29> (separate/dig3/Mcompar_numerator_cmp_ge0000_cy<29>)
     MUXCY:CI->O           1   0.056   0.000  separate/dig3/Mcompar_numerator_cmp_ge0000_cy<30> (separate/dig3/Mcompar_numerator_cmp_ge0000_cy<30>)
     MUXCY:CI->O          33   0.246   1.580  separate/dig3/Mcompar_numerator_cmp_ge0000_cy<31> (separate/dig3/numerator_cmp_ge0000)
     INV:I->O             32   0.479   1.575  separate/dig3/remainder_signal_not00011_INV_0 (separate/dig3/remainder_signal_not0001)
     FDCE:CE                   0.524          separate/dig3/remainder_signal_0
    ----------------------------------------
    Total                     11.334ns (6.098ns logic, 5.236ns route)
                                       (53.8% logic, 46.2% route)

=========================================================================
Timing constraint: Default OFFSET OUT AFTER for Clock 'clock'
  Total number of paths / destination ports: 386 / 11
-------------------------------------------------------------------------
Offset:              11.975ns (Levels of Logic = 12)
  Source:            display/display_24 (FF)
  Destination:       ca<3> (PAD)
  Source Clock:      clock rising

  Data Path: display/display_24 to ca<3>
                                Gate     Net
    Cell:in->out      fanout   Delay   Delay  Logical Name (Net Name)
    ----------------------------------------  ------------
     FDE:C->Q              1   0.626   0.976  display/display_24 (display/display_24)
     LUT4:I0->O            1   0.479   0.000  display/decode/display_value_and0000_wg_lut<0> (display/decode/display_value_and0000_wg_lut<0>)
     MUXCY:S->O            1   0.435   0.000  display/decode/display_value_and0000_wg_cy<0> (display/decode/display_value_and0000_wg_cy<0>)
     MUXCY:CI->O           1   0.056   0.000  display/decode/display_value_and0000_wg_cy<1> (display/decode/display_value_and0000_wg_cy<1>)
     MUXCY:CI->O           1   0.056   0.000  display/decode/display_value_and0000_wg_cy<2> (display/decode/display_value_and0000_wg_cy<2>)
     MUXCY:CI->O           1   0.056   0.000  display/decode/display_value_and0000_wg_cy<3> (display/decode/display_value_and0000_wg_cy<3>)
     MUXCY:CI->O           1   0.056   0.000  display/decode/display_value_and0000_wg_cy<4> (display/decode/display_value_and0000_wg_cy<4>)
     MUXCY:CI->O           1   0.056   0.000  display/decode/display_value_and0000_wg_cy<5> (display/decode/display_value_and0000_wg_cy<5>)
     MUXCY:CI->O           9   0.264   1.014  display/decode/display_value_and0000_wg_cy<6> (display/decode/display_value_and0000)
     LUT3:I2->O            1   0.479   0.000  display/decode/display_value<0>1 (display/decode/display_value<0>)
     MUXF5:I1->O           2   0.314   1.040  display/decode/display_value<0>_f5 (ca_0_OBUF)
     LUT4:I0->O            1   0.479   0.681  display/decode/display_value<3>1 (ca_3_OBUF)
     OBUF:I->O                 4.909          ca_3_OBUF (ca<3>)
    ----------------------------------------
    Total                     11.975ns (8.263ns logic, 3.712ns route)
                                       (69.0% logic, 31.0% route)

=========================================================================


Total REAL time to Xst completion: 8.00 secs
Total CPU time to Xst completion: 8.11 secs
 
--> 

Total memory usage is 196896 kilobytes

Number of errors   :    0 (   0 filtered)
Number of warnings :   34 (   0 filtered)
Number of infos    :    0 (   0 filtered)

