Release 13.2 - xst O.61xd (nt)
Copyright (c) 1995-2011 Xilinx, Inc.  All rights reserved.
--> Parameter TMPDIR set to xst/projnav.tmp


Total REAL time to Xst completion: 0.00 secs
Total CPU time to Xst completion: 0.15 secs
 
--> Parameter xsthdpdir set to xst


Total REAL time to Xst completion: 0.00 secs
Total CPU time to Xst completion: 0.15 secs
 
--> Reading design: display_decoder.prj

TABLE OF CONTENTS
  1) Synthesis Options Summary
  2) HDL Compilation
  3) Design Hierarchy Analysis
  4) HDL Analysis
  5) HDL Synthesis
     5.1) HDL Synthesis Report
  6) Advanced HDL Synthesis
     6.1) Advanced HDL Synthesis Report
  7) Low Level Synthesis
  8) Partition Report
  9) Final Report
	9.1) Device utilization summary
	9.2) Partition Resource Summary
	9.3) TIMING REPORT


=========================================================================
*                      Synthesis Options Summary                        *
=========================================================================
---- Source Parameters
Input File Name                    : "display_decoder.prj"
Input Format                       : mixed
Ignore Synthesis Constraint File   : NO

---- Target Parameters
Output File Name                   : "display_decoder"
Output Format                      : NGC
Target Device                      : xc3s400-5-ft256

---- Source Options
Top Module Name                    : display_decoder
Automatic FSM Extraction           : YES
FSM Encoding Algorithm             : Auto
Safe Implementation                : No
FSM Style                          : LUT
RAM Extraction                     : Yes
RAM Style                          : Auto
ROM Extraction                     : Yes
Mux Style                          : Auto
Decoder Extraction                 : YES
Priority Encoder Extraction        : Yes
Shift Register Extraction          : YES
Logical Shifter Extraction         : YES
XOR Collapsing                     : YES
ROM Style                          : Auto
Mux Extraction                     : Yes
Resource Sharing                   : YES
Asynchronous To Synchronous        : NO
Multiplier Style                   : Auto
Automatic Register Balancing       : No

---- Target Options
Add IO Buffers                     : YES
Global Maximum Fanout              : 500
Add Generic Clock Buffer(BUFG)     : 8
Register Duplication               : YES
Slice Packing                      : YES
Optimize Instantiated Primitives   : NO
Use Clock Enable                   : Yes
Use Synchronous Set                : Yes
Use Synchronous Reset              : Yes
Pack IO Registers into IOBs        : Auto
Equivalent register Removal        : YES

---- General Options
Optimization Goal                  : Speed
Optimization Effort                : 1
Keep Hierarchy                     : No
Netlist Hierarchy                  : As_Optimized
RTL Output                         : Yes
Global Optimization                : AllClockNets
Read Cores                         : YES
Write Timing Constraints           : NO
Cross Clock Analysis               : NO
Hierarchy Separator                : /
Bus Delimiter                      : <>
Case Specifier                     : Maintain
Slice Utilization Ratio            : 100
BRAM Utilization Ratio             : 100
Verilog 2001                       : YES
Auto BRAM Packing                  : NO
Slice Utilization Ratio Delta      : 5

=========================================================================


=========================================================================
*                          HDL Compilation                              *
=========================================================================
Compiling vhdl file "H:/12s2/COMP3601/Project/display_decoder/display_decoder.vhd" in Library work.
Entity <display_decoder> compiled.
Entity <display_decoder> (Architecture <behavioral>) compiled.
Package <display_decoder_package> compiled.

=========================================================================
*                     Design Hierarchy Analysis                         *
=========================================================================
Analyzing hierarchy for entity <display_decoder> in library <work> (architecture <behavioral>).


=========================================================================
*                            HDL Analysis                               *
=========================================================================
Analyzing Entity <display_decoder> in library <work> (Architecture <behavioral>).
Entity <display_decoder> analyzed. Unit <display_decoder> generated.


=========================================================================
*                           HDL Synthesis                               *
=========================================================================

Performing bidirectional port resolution...

Synthesizing Unit <display_decoder>.
    Related source file is "H:/12s2/COMP3601/Project/display_decoder/display_decoder.vhd".
    Found 16x7-bit ROM for signal <display_value$mux0000>.
    Summary:
	inferred   1 ROM(s).
Unit <display_decoder> synthesized.


=========================================================================
HDL Synthesis Report

Macro Statistics
# ROMs                                                 : 1
 16x7-bit ROM                                          : 1

=========================================================================

=========================================================================
*                       Advanced HDL Synthesis                          *
=========================================================================


=========================================================================
Advanced HDL Synthesis Report

Macro Statistics
# ROMs                                                 : 1
 16x7-bit ROM                                          : 1

=========================================================================

=========================================================================
*                         Low Level Synthesis                           *
=========================================================================

Optimizing unit <display_decoder> ...

Mapping all equations...
Building and optimizing final netlist ...
Found area constraint ratio of 100 (+ 5) on block display_decoder, actual ratio is 0.

Final Macro Processing ...

=========================================================================
Final Register Report

Found no macro
=========================================================================

=========================================================================
*                           Partition Report                            *
=========================================================================

Partition Implementation Status
-------------------------------

  No Partitions were found in this design.

-------------------------------

=========================================================================
*                            Final Report                               *
=========================================================================
Final Results
RTL Top Level Output File Name     : display_decoder.ngr
Top Level Output File Name         : display_decoder
Output Format                      : NGC
Optimization Goal                  : Speed
Keep Hierarchy                     : No

Design Statistics
# IOs                              : 39

Cell Usage :
# BELS                             : 22
#      GND                         : 1
#      LUT3                        : 1
#      LUT4                        : 10
#      MUXCY                       : 7
#      MUXF5                       : 2
#      VCC                         : 1
# IO Buffers                       : 39
#      IBUF                        : 32
#      OBUF                        : 7
=========================================================================

Device utilization summary:
---------------------------

Selected Device : 3s400ft256-5 

 Number of Slices:                        7  out of   3584     0%  
 Number of 4 input LUTs:                 11  out of   7168     0%  
 Number of IOs:                          39
 Number of bonded IOBs:                  39  out of    173    22%  

---------------------------
Partition Resource Summary:
---------------------------

  No Partitions were found in this design.

---------------------------


=========================================================================
TIMING REPORT

NOTE: THESE TIMING NUMBERS ARE ONLY A SYNTHESIS ESTIMATE.
      FOR ACCURATE TIMING INFORMATION PLEASE REFER TO THE TRACE REPORT
      GENERATED AFTER PLACE-and-ROUTE.

Clock Information:
------------------
No clock signals found in this design

Asynchronous Control Signals Information:
----------------------------------------
No asynchronous control signals found in this design

Timing Summary:
---------------
Speed Grade: -5

   Minimum period: No path found
   Minimum input arrival time before clock: No path found
   Maximum output required time after clock: No path found
   Maximum combinational path delay: 10.604ns

Timing Detail:
--------------
All values displayed in nanoseconds (ns)

=========================================================================
Timing constraint: Default path analysis
  Total number of paths / destination ports: 251 / 7
-------------------------------------------------------------------------
Delay:               10.604ns (Levels of Logic = 12)
  Source:            input_value<24> (PAD)
  Destination:       display_value<6> (PAD)

  Data Path: input_value<24> to display_value<6>
                                Gate     Net
    Cell:in->out      fanout   Delay   Delay  Logical Name (Net Name)
    ----------------------------------------  ------------
     IBUF:I->O             1   0.715   0.976  input_value_24_IBUF (input_value_24_IBUF)
     LUT4:I0->O            1   0.479   0.000  display_value_and0000_wg_lut<0> (display_value_and0000_wg_lut<0>)
     MUXCY:S->O            1   0.435   0.000  display_value_and0000_wg_cy<0> (display_value_and0000_wg_cy<0>)
     MUXCY:CI->O           1   0.056   0.000  display_value_and0000_wg_cy<1> (display_value_and0000_wg_cy<1>)
     MUXCY:CI->O           1   0.056   0.000  display_value_and0000_wg_cy<2> (display_value_and0000_wg_cy<2>)
     MUXCY:CI->O           1   0.056   0.000  display_value_and0000_wg_cy<3> (display_value_and0000_wg_cy<3>)
     MUXCY:CI->O           1   0.056   0.000  display_value_and0000_wg_cy<4> (display_value_and0000_wg_cy<4>)
     MUXCY:CI->O           1   0.056   0.000  display_value_and0000_wg_cy<5> (display_value_and0000_wg_cy<5>)
     MUXCY:CI->O           4   0.265   1.074  display_value_and0000_wg_cy<6> (display_value_and0000)
     LUT4:I0->O            1   0.479   0.000  display_value<6>2 (display_value<6>2)
     MUXF5:I0->O           1   0.314   0.681  display_value<6>_f5 (display_value_6_OBUF)
     OBUF:I->O                 4.909          display_value_6_OBUF (display_value<6>)
    ----------------------------------------
    Total                     10.604ns (7.873ns logic, 2.731ns route)
                                       (74.2% logic, 25.8% route)

=========================================================================


Total REAL time to Xst completion: 4.00 secs
Total CPU time to Xst completion: 4.14 secs
 
--> 

Total memory usage is 191776 kilobytes

Number of errors   :    0 (   0 filtered)
Number of warnings :    0 (   0 filtered)
Number of infos    :    0 (   0 filtered)

