Release 13.2 - xst O.61xd (nt)
Copyright (c) 1995-2011 Xilinx, Inc.  All rights reserved.
--> Parameter TMPDIR set to xst/projnav.tmp


Total REAL time to Xst completion: 3.00 secs
Total CPU time to Xst completion: 3.34 secs
 
--> Parameter xsthdpdir set to xst


Total REAL time to Xst completion: 4.00 secs
Total CPU time to Xst completion: 3.91 secs
 
--> Reading design: timer.prj

TABLE OF CONTENTS
  1) Synthesis Options Summary
  2) HDL Compilation
  3) Design Hierarchy Analysis
  4) HDL Analysis
  5) HDL Synthesis
     5.1) HDL Synthesis Report
  6) Advanced HDL Synthesis
     6.1) Advanced HDL Synthesis Report
  7) Low Level Synthesis
  8) Partition Report
  9) Final Report
	9.1) Device utilization summary
	9.2) Partition Resource Summary
	9.3) TIMING REPORT


=========================================================================
*                      Synthesis Options Summary                        *
=========================================================================
---- Source Parameters
Input File Name                    : "timer.prj"
Input Format                       : mixed
Ignore Synthesis Constraint File   : NO

---- Target Parameters
Output File Name                   : "timer"
Output Format                      : NGC
Target Device                      : xc3s400-5-ft256

---- Source Options
Top Module Name                    : timer
Automatic FSM Extraction           : YES
FSM Encoding Algorithm             : Auto
Safe Implementation                : No
FSM Style                          : LUT
RAM Extraction                     : Yes
RAM Style                          : Auto
ROM Extraction                     : Yes
Mux Style                          : Auto
Decoder Extraction                 : YES
Priority Encoder Extraction        : Yes
Shift Register Extraction          : YES
Logical Shifter Extraction         : YES
XOR Collapsing                     : YES
ROM Style                          : Auto
Mux Extraction                     : Yes
Resource Sharing                   : YES
Asynchronous To Synchronous        : NO
Multiplier Style                   : Auto
Automatic Register Balancing       : No

---- Target Options
Add IO Buffers                     : YES
Global Maximum Fanout              : 500
Add Generic Clock Buffer(BUFG)     : 8
Register Duplication               : YES
Slice Packing                      : YES
Optimize Instantiated Primitives   : NO
Use Clock Enable                   : Yes
Use Synchronous Set                : Yes
Use Synchronous Reset              : Yes
Pack IO Registers into IOBs        : Auto
Equivalent register Removal        : YES

---- General Options
Optimization Goal                  : Speed
Optimization Effort                : 1
Keep Hierarchy                     : No
Netlist Hierarchy                  : As_Optimized
RTL Output                         : Yes
Global Optimization                : AllClockNets
Read Cores                         : YES
Write Timing Constraints           : NO
Cross Clock Analysis               : NO
Hierarchy Separator                : /
Bus Delimiter                      : <>
Case Specifier                     : Maintain
Slice Utilization Ratio            : 100
BRAM Utilization Ratio             : 100
Verilog 2001                       : YES
Auto BRAM Packing                  : NO
Slice Utilization Ratio Delta      : 5

=========================================================================


=========================================================================
*                          HDL Compilation                              *
=========================================================================
Compiling vhdl file "H:/12s2/COMP3601/Project/clk_div/clk_div.vhd" in Library work.
Entity <clk_div> compiled.
Entity <clk_div> (Architecture <Behavioral>) compiled.
Package <clk_div_package> compiled.
Compiling vhdl file "H:/12s2/COMP3601/Project/sensor/sensor.vhd" in Library work.
Entity <sensor> compiled.
ERROR:HDLParsers:3010 - "H:/12s2/COMP3601/Project/sensor/sensor.vhd" Line 15. Entity timer does not exist.
ERROR:HDLParsers:3312 - "H:/12s2/COMP3601/Project/sensor/sensor.vhd" Line 17. Undefined symbol 'std_logic'.
ERROR:HDLParsers:1209 - "H:/12s2/COMP3601/Project/sensor/sensor.vhd" Line 17. std_logic: Undefined symbol (last report in this block)
ERROR:HDLParsers:3312 - "H:/12s2/COMP3601/Project/sensor/sensor.vhd" Line 24. Undefined symbol 'clk_div'.
ERROR:HDLParsers:3312 - "H:/12s2/COMP3601/Project/sensor/sensor.vhd" Line 24. Undefined symbol 'clk_50'.
ERROR:HDLParsers:1209 - "H:/12s2/COMP3601/Project/sensor/sensor.vhd" Line 24. clk_50: Undefined symbol (last report in this block)
ERROR:HDLParsers:3312 - "H:/12s2/COMP3601/Project/sensor/sensor.vhd" Line 24. Undefined symbol 'clk_1us'.
ERROR:HDLParsers:1209 - "H:/12s2/COMP3601/Project/sensor/sensor.vhd" Line 24. clk_1us: Undefined symbol (last report in this block)
ERROR:HDLParsers:3312 - "H:/12s2/COMP3601/Project/sensor/sensor.vhd" Line 24. Undefined symbol 'clk_1ms'.
ERROR:HDLParsers:1209 - "H:/12s2/COMP3601/Project/sensor/sensor.vhd" Line 24. clk_1ms: Undefined symbol (last report in this block)
ERROR:HDLParsers:3312 - "H:/12s2/COMP3601/Project/sensor/sensor.vhd" Line 24. Undefined symbol 'clk_1s'.
ERROR:HDLParsers:1209 - "H:/12s2/COMP3601/Project/sensor/sensor.vhd" Line 24. clk_1s: Undefined symbol (last report in this block)
ERROR:HDLParsers:3312 - "H:/12s2/COMP3601/Project/sensor/sensor.vhd" Line 26. Undefined symbol 'reset'.
ERROR:HDLParsers:1209 - "H:/12s2/COMP3601/Project/sensor/sensor.vhd" Line 26. reset: Undefined symbol (last report in this block)
ERROR:HDLParsers:808 - "H:/12s2/COMP3601/Project/sensor/sensor.vhd" Line 27. = can not have such operands in this context.
ERROR:HDLParsers:808 - "H:/12s2/COMP3601/Project/sensor/sensor.vhd" Line 28. = can not have such operands in this context.
ERROR:HDLParsers:808 - "H:/12s2/COMP3601/Project/sensor/sensor.vhd" Line 57. = can not have such operands in this context.
ERROR:HDLParsers:808 - "H:/12s2/COMP3601/Project/sensor/sensor.vhd" Line 61. = can not have such operands in this context.
WARNING:HDLParsers:1406 - "H:/12s2/COMP3601/Project/sensor/sensor.vhd" Line 26. No sensitivity list and no wait in the process
ERROR:HDLParsers:3312 - "H:/12s2/COMP3601/Project/sensor/sensor.vhd" Line 74. Undefined symbol 'one_wire'.
ERROR:HDLParsers:3312 - "H:/12s2/COMP3601/Project/sensor/sensor.vhd" Line 75. Undefined symbol 'leds'.
ERROR:HDLParsers:834 - "H:/12s2/COMP3601/Project/sensor/sensor.vhd" Line 76. Signal timer_1us has a multi source.
ERROR:HDLParsers:834 - "H:/12s2/COMP3601/Project/sensor/sensor.vhd" Line 76. Signal timer_1ms has a multi source.
ERROR:HDLParsers:834 - "H:/12s2/COMP3601/Project/sensor/sensor.vhd" Line 76. Signal timer_1s has a multi source.
ERROR:HDLParsers:1209 - "H:/12s2/COMP3601/Project/sensor/sensor.vhd" Line 78. one_wire: Undefined symbol (last report in this block)
ERROR:HDLParsers:1209 - "H:/12s2/COMP3601/Project/sensor/sensor.vhd" Line 79. leds: Undefined symbol (last report in this block)
--> 

Total memory usage is 185060 kilobytes

Number of errors   :   25 (   0 filtered)
Number of warnings :    1 (   0 filtered)
Number of infos    :    0 (   0 filtered)

