Release 13.2 - xst O.61xd (nt)
Copyright (c) 1995-2011 Xilinx, Inc.  All rights reserved.
--> Parameter TMPDIR set to xst/projnav.tmp


Total REAL time to Xst completion: 1.00 secs
Total CPU time to Xst completion: 0.16 secs
 
--> Parameter xsthdpdir set to xst


Total REAL time to Xst completion: 1.00 secs
Total CPU time to Xst completion: 0.16 secs
 
--> Reading design: clocked_display.prj

TABLE OF CONTENTS
  1) Synthesis Options Summary
  2) HDL Compilation
  3) Design Hierarchy Analysis
  4) HDL Analysis
  5) HDL Synthesis
     5.1) HDL Synthesis Report
  6) Advanced HDL Synthesis
     6.1) Advanced HDL Synthesis Report
  7) Low Level Synthesis
  8) Partition Report
  9) Final Report
	9.1) Device utilization summary
	9.2) Partition Resource Summary
	9.3) TIMING REPORT


=========================================================================
*                      Synthesis Options Summary                        *
=========================================================================
---- Source Parameters
Input File Name                    : "clocked_display.prj"
Input Format                       : mixed
Ignore Synthesis Constraint File   : NO

---- Target Parameters
Output File Name                   : "clocked_display"
Output Format                      : NGC
Target Device                      : xc3s400-5-ft256

---- Source Options
Top Module Name                    : clocked_display
Automatic FSM Extraction           : YES
FSM Encoding Algorithm             : Auto
Safe Implementation                : No
FSM Style                          : LUT
RAM Extraction                     : Yes
RAM Style                          : Auto
ROM Extraction                     : Yes
Mux Style                          : Auto
Decoder Extraction                 : YES
Priority Encoder Extraction        : Yes
Shift Register Extraction          : YES
Logical Shifter Extraction         : YES
XOR Collapsing                     : YES
ROM Style                          : Auto
Mux Extraction                     : Yes
Resource Sharing                   : YES
Asynchronous To Synchronous        : NO
Multiplier Style                   : Auto
Automatic Register Balancing       : No

---- Target Options
Add IO Buffers                     : YES
Global Maximum Fanout              : 500
Add Generic Clock Buffer(BUFG)     : 8
Register Duplication               : YES
Slice Packing                      : YES
Optimize Instantiated Primitives   : NO
Use Clock Enable                   : Yes
Use Synchronous Set                : Yes
Use Synchronous Reset              : Yes
Pack IO Registers into IOBs        : Auto
Equivalent register Removal        : YES

---- General Options
Optimization Goal                  : Speed
Optimization Effort                : 1
Keep Hierarchy                     : No
Netlist Hierarchy                  : As_Optimized
RTL Output                         : Yes
Global Optimization                : AllClockNets
Read Cores                         : YES
Write Timing Constraints           : NO
Cross Clock Analysis               : NO
Hierarchy Separator                : /
Bus Delimiter                      : <>
Case Specifier                     : Maintain
Slice Utilization Ratio            : 100
BRAM Utilization Ratio             : 100
Verilog 2001                       : YES
Auto BRAM Packing                  : NO
Slice Utilization Ratio Delta      : 5

=========================================================================


=========================================================================
*                          HDL Compilation                              *
=========================================================================
Compiling vhdl file "H:/12s2/COMP3601/Project/display_decoder/display_decoder.vhd" in Library work.
Architecture behavioral of Entity display_decoder is up to date.
Compiling vhdl file "H:/12s2/COMP3601/Project/clocked_display/clocked_display.vhd" in Library work.
Entity <clocked_display> compiled.
Entity <clocked_display> (Architecture <Behavioral>) compiled.

=========================================================================
*                     Design Hierarchy Analysis                         *
=========================================================================
Analyzing hierarchy for entity <clocked_display> in library <work> (architecture <Behavioral>).

Analyzing hierarchy for entity <display_decoder> in library <work> (architecture <behavioral>).


=========================================================================
*                            HDL Analysis                               *
=========================================================================
Analyzing Entity <clocked_display> in library <work> (Architecture <Behavioral>).
Entity <clocked_display> analyzed. Unit <clocked_display> generated.

Analyzing Entity <display_decoder> in library <work> (Architecture <behavioral>).
Entity <display_decoder> analyzed. Unit <display_decoder> generated.


=========================================================================
*                           HDL Synthesis                               *
=========================================================================

Performing bidirectional port resolution...

Synthesizing Unit <display_decoder>.
    Related source file is "H:/12s2/COMP3601/Project/display_decoder/display_decoder.vhd".
    Found 16x7-bit ROM for signal <display_value$mux0000>.
    Summary:
	inferred   1 ROM(s).
Unit <display_decoder> synthesized.


Synthesizing Unit <clocked_display>.
    Related source file is "H:/12s2/COMP3601/Project/clocked_display/clocked_display.vhd".
    Found 4-bit register for signal <an>.
    Found 32-bit up counter for signal <counter>.
    Found 32-bit register for signal <display>.
    Summary:
	inferred   1 Counter(s).
	inferred  36 D-type flip-flop(s).
Unit <clocked_display> synthesized.


=========================================================================
HDL Synthesis Report

Macro Statistics
# ROMs                                                 : 1
 16x7-bit ROM                                          : 1
# Counters                                             : 1
 32-bit up counter                                     : 1
# Registers                                            : 5
 1-bit register                                        : 4
 32-bit register                                       : 1

=========================================================================

=========================================================================
*                       Advanced HDL Synthesis                          *
=========================================================================


=========================================================================
Advanced HDL Synthesis Report

Macro Statistics
# ROMs                                                 : 1
 16x7-bit ROM                                          : 1
# Counters                                             : 1
 32-bit up counter                                     : 1
# Registers                                            : 36
 Flip-Flops                                            : 36

=========================================================================

=========================================================================
*                         Low Level Synthesis                           *
=========================================================================

Optimizing unit <clocked_display> ...

Mapping all equations...
Building and optimizing final netlist ...
Found area constraint ratio of 100 (+ 5) on block clocked_display, actual ratio is 2.

Final Macro Processing ...

=========================================================================
Final Register Report

Macro Statistics
# Registers                                            : 68
 Flip-Flops                                            : 68

=========================================================================

=========================================================================
*                           Partition Report                            *
=========================================================================

Partition Implementation Status
-------------------------------

  No Partitions were found in this design.

-------------------------------

=========================================================================
*                            Final Report                               *
=========================================================================
Final Results
RTL Top Level Output File Name     : clocked_display.ngr
Top Level Output File Name         : clocked_display
Output Format                      : NGC
Optimization Goal                  : Speed
Keep Hierarchy                     : No

Design Statistics
# IOs                              : 140

Cell Usage :
# BELS                             : 246
#      GND                         : 1
#      INV                         : 4
#      LUT1                        : 31
#      LUT2                        : 19
#      LUT2_D                      : 1
#      LUT2_L                      : 4
#      LUT3                        : 14
#      LUT4                        : 57
#      LUT4_D                      : 1
#      LUT4_L                      : 34
#      MUXCY                       : 45
#      MUXF5                       : 2
#      VCC                         : 1
#      XORCY                       : 32
# FlipFlops/Latches                : 68
#      FDE                         : 36
#      FDR                         : 32
# Clock Buffers                    : 1
#      BUFGP                       : 1
# IO Buffers                       : 139
#      IBUF                        : 128
#      OBUF                        : 11
=========================================================================

Device utilization summary:
---------------------------

Selected Device : 3s400ft256-5 

 Number of Slices:                       85  out of   3584     2%  
 Number of Slice Flip Flops:             68  out of   7168     0%  
 Number of 4 input LUTs:                165  out of   7168     2%  
 Number of IOs:                         140
 Number of bonded IOBs:                 140  out of    173    80%  
 Number of GCLKs:                         1  out of      8    12%  

---------------------------
Partition Resource Summary:
---------------------------

  No Partitions were found in this design.

---------------------------


=========================================================================
TIMING REPORT

NOTE: THESE TIMING NUMBERS ARE ONLY A SYNTHESIS ESTIMATE.
      FOR ACCURATE TIMING INFORMATION PLEASE REFER TO THE TRACE REPORT
      GENERATED AFTER PLACE-and-ROUTE.

Clock Information:
------------------
-----------------------------------+------------------------+-------+
Clock Signal                       | Clock buffer(FF name)  | Load  |
-----------------------------------+------------------------+-------+
clock                              | BUFGP                  | 68    |
-----------------------------------+------------------------+-------+

Asynchronous Control Signals Information:
----------------------------------------
No asynchronous control signals found in this design

Timing Summary:
---------------
Speed Grade: -5

   Minimum period: 6.944ns (Maximum Frequency: 144.006MHz)
   Minimum input arrival time before clock: 3.676ns
   Maximum output required time after clock: 10.515ns
   Maximum combinational path delay: No path found

Timing Detail:
--------------
All values displayed in nanoseconds (ns)

=========================================================================
Timing constraint: Default period analysis for Clock 'clock'
  Clock period: 6.944ns (frequency: 144.006MHz)
  Total number of paths / destination ports: 3009 / 136
-------------------------------------------------------------------------
Delay:               6.944ns (Levels of Logic = 9)
  Source:            counter_25 (FF)
  Destination:       counter_0 (FF)
  Source Clock:      clock rising
  Destination Clock: clock rising

  Data Path: counter_25 to counter_0
                                Gate     Net
    Cell:in->out      fanout   Delay   Delay  Logical Name (Net Name)
    ----------------------------------------  ------------
     FDR:C->Q              2   0.626   1.040  counter_25 (counter_25)
     LUT2:I0->O            1   0.479   0.000  counter_cmp_eq00001_wg_lut<0> (counter_cmp_eq00001_wg_lut<0>)
     MUXCY:S->O            1   0.435   0.000  counter_cmp_eq00001_wg_cy<0> (counter_cmp_eq00001_wg_cy<0>)
     MUXCY:CI->O           1   0.056   0.000  counter_cmp_eq00001_wg_cy<1> (counter_cmp_eq00001_wg_cy<1>)
     MUXCY:CI->O           1   0.056   0.000  counter_cmp_eq00001_wg_cy<2> (counter_cmp_eq00001_wg_cy<2>)
     MUXCY:CI->O           1   0.056   0.000  counter_cmp_eq00001_wg_cy<3> (counter_cmp_eq00001_wg_cy<3>)
     MUXCY:CI->O           1   0.056   0.000  counter_cmp_eq00001_wg_cy<4> (counter_cmp_eq00001_wg_cy<4>)
     MUXCY:CI->O           1   0.056   0.000  counter_cmp_eq00001_wg_cy<5> (counter_cmp_eq00001_wg_cy<5>)
     MUXCY:CI->O           6   0.264   0.876  counter_cmp_eq00001_wg_cy<6> (counter_cmp_eq00001_wg_cy<6>)
     LUT4:I3->O           32   0.479   1.575  counter_cmp_eq0000 (counter_cmp_eq0000)
     FDR:R                     0.892          counter_0
    ----------------------------------------
    Total                      6.944ns (3.453ns logic, 3.491ns route)
                                       (49.7% logic, 50.3% route)

=========================================================================
Timing constraint: Default OFFSET IN BEFORE for Clock 'clock'
  Total number of paths / destination ports: 128 / 32
-------------------------------------------------------------------------
Offset:              3.676ns (Levels of Logic = 3)
  Source:            display2<2> (PAD)
  Destination:       display_2 (FF)
  Destination Clock: clock rising

  Data Path: display2<2> to display_2
                                Gate     Net
    Cell:in->out      fanout   Delay   Delay  Logical Name (Net Name)
    ----------------------------------------  ------------
     IBUF:I->O             1   0.715   0.976  display2_2_IBUF (display2_2_IBUF)
     LUT2:I0->O            1   0.479   0.851  display_mux0000<2>25_SW0 (N80)
     LUT4:I1->O            1   0.479   0.000  display_mux0000<2>25 (display_mux0000<2>)
     FDE:D                     0.176          display_2
    ----------------------------------------
    Total                      3.676ns (1.849ns logic, 1.827ns route)
                                       (50.3% logic, 49.7% route)

=========================================================================
Timing constraint: Default OFFSET OUT AFTER for Clock 'clock'
  Total number of paths / destination ports: 255 / 11
-------------------------------------------------------------------------
Offset:              10.515ns (Levels of Logic = 11)
  Source:            display_24 (FF)
  Destination:       ca<6> (PAD)
  Source Clock:      clock rising

  Data Path: display_24 to ca<6>
                                Gate     Net
    Cell:in->out      fanout   Delay   Delay  Logical Name (Net Name)
    ----------------------------------------  ------------
     FDE:C->Q              1   0.626   0.976  display_24 (display_24)
     LUT4:I0->O            1   0.479   0.000  decode/display_value_and0000_wg_lut<0> (decode/display_value_and0000_wg_lut<0>)
     MUXCY:S->O            1   0.435   0.000  decode/display_value_and0000_wg_cy<0> (decode/display_value_and0000_wg_cy<0>)
     MUXCY:CI->O           1   0.056   0.000  decode/display_value_and0000_wg_cy<1> (decode/display_value_and0000_wg_cy<1>)
     MUXCY:CI->O           1   0.056   0.000  decode/display_value_and0000_wg_cy<2> (decode/display_value_and0000_wg_cy<2>)
     MUXCY:CI->O           1   0.056   0.000  decode/display_value_and0000_wg_cy<3> (decode/display_value_and0000_wg_cy<3>)
     MUXCY:CI->O           1   0.056   0.000  decode/display_value_and0000_wg_cy<4> (decode/display_value_and0000_wg_cy<4>)
     MUXCY:CI->O           1   0.056   0.000  decode/display_value_and0000_wg_cy<5> (decode/display_value_and0000_wg_cy<5>)
     MUXCY:CI->O           4   0.265   1.074  decode/display_value_and0000_wg_cy<6> (decode/display_value_and0000)
     LUT4:I0->O            1   0.479   0.000  decode/display_value<6>2 (decode/display_value<6>1)
     MUXF5:I0->O           1   0.314   0.681  decode/display_value<6>_f5 (ca_6_OBUF)
     OBUF:I->O                 4.909          ca_6_OBUF (ca<6>)
    ----------------------------------------
    Total                     10.515ns (7.784ns logic, 2.731ns route)
                                       (74.0% logic, 26.0% route)

=========================================================================


Total REAL time to Xst completion: 6.00 secs
Total CPU time to Xst completion: 5.81 secs
 
--> 

Total memory usage is 193824 kilobytes

Number of errors   :    0 (   0 filtered)
Number of warnings :    0 (   0 filtered)
Number of infos    :    0 (   0 filtered)

